<?xml version="1.0" encoding="utf-8"?><testsuites name="pytest tests"><testsuite name="pytest" errors="0" failures="0" skipped="0" tests="15" time="8.554" timestamp="2026-02-28T22:17:03.851636+00:00" hostname="agent-env-4a1baa4b-c3f1-47c0-9116-ac8e297b6a74"><testcase classname="backend.tests.test_inline_section_edit.TestAuthEndpoints" name="test_admin_login_success" time="0.392" /><testcase classname="backend.tests.test_inline_section_edit.TestAuthEndpoints" name="test_viewer_login_success" time="0.266" /><testcase classname="backend.tests.test_inline_section_edit.TestDiseaseEndpoints" name="test_get_diseases_list" time="0.105" /><testcase classname="backend.tests.test_inline_section_edit.TestDiseaseEndpoints" name="test_get_single_disease" time="0.136" /><testcase classname="backend.tests.test_inline_section_edit.TestInlineSaveSectionEndpoint" name="test_inline_save_section_requires_auth" time="0.047" /><testcase classname="backend.tests.test_inline_section_edit.TestInlineSaveSectionEndpoint" name="test_inline_save_section_requires_admin" time="0.355" /><testcase classname="backend.tests.test_inline_section_edit.TestInlineSaveSectionEndpoint" name="test_inline_save_section_definition_english" time="0.434" /><testcase classname="backend.tests.test_inline_section_edit.TestInlineSaveSectionEndpoint" name="test_inline_save_section_epidemiology_portuguese" time="0.087" /><testcase classname="backend.tests.test_inline_section_edit.TestInlineSaveSectionEndpoint" name="test_inline_save_section_updates_edit_meta" time="0.192" /><testcase classname="backend.tests.test_inline_section_edit.TestInlineSaveTranslateEndpoint" name="test_inline_translate_requires_admin" time="0.090" /><testcase classname="backend.tests.test_inline_section_edit.TestInlineSaveTranslateEndpoint" name="test_inline_translate_section_success" time="2.395" /><testcase classname="backend.tests.test_inline_section_edit.TestInlineSaveTranslateEndpoint" name="test_inline_translate_updates_translation_meta" time="3.420" /><testcase classname="backend.tests.test_inline_section_edit.TestVersionHistory" name="test_inline_edit_creates_version" time="0.385" /><testcase classname="backend.tests.test_inline_section_edit.TestCategoriesAndTags" name="test_get_categories" time="0.046" /><testcase classname="backend.tests.test_inline_section_edit.TestCategoriesAndTags" name="test_get_tags" time="0.054" /></testsuite></testsuites>