<?xml version="1.0" encoding="utf-8"?><testsuites name="pytest tests"><testsuite name="pytest" errors="0" failures="0" skipped="0" tests="13" time="2.694" timestamp="2026-02-28T22:30:55.068281+00:00" hostname="agent-env-4a1baa4b-c3f1-47c0-9116-ac8e297b6a74"><testcase classname="backend.tests.test_section_media.TestSectionMediaEndpoint" name="test_section_media_endpoint_exists" time="0.651" /><testcase classname="backend.tests.test_section_media.TestSectionMediaEndpoint" name="test_add_image_media_via_url" time="0.082" /><testcase classname="backend.tests.test_section_media.TestSectionMediaEndpoint" name="test_add_video_media" time="0.079" /><testcase classname="backend.tests.test_section_media.TestSectionMediaEndpoint" name="test_media_alignment_options" time="0.319" /><testcase classname="backend.tests.test_section_media.TestSectionMediaEndpoint" name="test_media_size_options" time="0.174" /><testcase classname="backend.tests.test_section_media.TestSectionMediaEndpoint" name="test_multiple_media_items_in_section" time="0.097" /><testcase classname="backend.tests.test_section_media.TestSectionMediaEndpoint" name="test_media_with_description_caption" time="0.081" /><testcase classname="backend.tests.test_section_media.TestSectionMediaEndpoint" name="test_clear_section_media" time="0.137" /><testcase classname="backend.tests.test_section_media.TestSectionMediaPermissions" name="test_viewer_cannot_add_media" time="0.354" /><testcase classname="backend.tests.test_section_media.TestSectionMediaPermissions" name="test_unauthenticated_cannot_add_media" time="0.112" /><testcase classname="backend.tests.test_section_media.TestSectionMediaEdgeCases" name="test_invalid_disease_id" time="0.082" /><testcase classname="backend.tests.test_section_media.TestSectionMediaEdgeCases" name="test_version_increments_on_media_save" time="0.121" /><testcase classname="backend.tests.test_section_media.TestCleanup" name="test_cleanup_test_media" time="0.335" /></testsuite></testsuites>